<?xml version="1.0" encoding="UTF-8"?>
<!-- Generated by org.testng.reporters.JUnitXMLReporter -->
<testsuite hostname="DESKTOP-E8NP0Q4" ignored="0" name="Surefire test" tests="6" failures="0" timestamp="2019-08-31T22:21:11 IST" time="0.275" errors="0">
  <testcase name="test1" time="0.009" classname="Samaritan.SitanshuTest"/>
  <testcase name="test2" time="0.001" classname="Samaritan.SitanshuTest"/>
  <testcase name="test3" time="0.0" classname="Samaritan.SitanshuTest"/>
  <testcase name="test4" time="0.001" classname="Samaritan.SubhransuTest"/>
  <testcase name="test5" time="0.0" classname="Samaritan.SubhransuTest"/>
  <testcase name="test6" time="0.001" classname="Samaritan.SubhransuTest"/>
</testsuite> <!-- Surefire test -->
