<?xml version="1.0" encoding="UTF-8"?>
<testng-results skipped="0" failed="0" ignored="0" total="3" passed="3">
  <reporter-output>
  </reporter-output>
  <suite name="All Test Suite" duration-ms="38548" started-at="2019-12-21T23:55:45 IST" finished-at="2019-12-21T23:56:24 IST">
    <groups>
    </groups>
    <test name="D:/WorkSpace/Revision" duration-ms="38548" started-at="2019-12-21T23:55:45 IST" finished-at="2019-12-21T23:56:24 IST">
      <class name="Automation.seleniumConcepts">
        <test-method status="PASS" signature="openGoogle()[pri:0, instance:Automation.seleniumConcepts@f6c48ac]" name="openGoogle" duration-ms="12709" started-at="2019-12-21T23:55:46 IST" finished-at="2019-12-21T23:55:58 IST">
          <reporter-output>
          </reporter-output>
        </test-method> <!-- openGoogle -->
        <test-method status="PASS" signature="mouseHover()[pri:0, instance:Automation.seleniumConcepts@f6c48ac]" name="mouseHover" duration-ms="12603" started-at="2019-12-21T23:55:58 IST" finished-at="2019-12-21T23:56:11 IST">
          <reporter-output>
          </reporter-output>
        </test-method> <!-- mouseHover -->
        <test-method status="PASS" signature="takeScreenShot()[pri:0, instance:Automation.seleniumConcepts@f6c48ac]" name="takeScreenShot" duration-ms="13126" started-at="2019-12-21T23:56:11 IST" finished-at="2019-12-21T23:56:24 IST">
          <reporter-output>
          </reporter-output>
        </test-method> <!-- takeScreenShot -->
      </class> <!-- Automation.seleniumConcepts -->
    </test> <!-- D:/WorkSpace/Revision -->
  </suite> <!-- All Test Suite -->
</testng-results>
