<?xml version="1.0" encoding="UTF-8"?>
<testsuite xmlns:xsi="http://www.w3.org/2001/XMLSchema-instance" xsi:noNamespaceSchemaLocation="https://maven.apache.org/surefire/maven-surefire-plugin/xsd/surefire-test-report-3.0.xsd" version="3.0" name="TestSuite" time="27.702" tests="19" errors="0" skipped="0" failures="5">
  <properties>
[...]
</properties>
  <testcase name="getProduct1" classname="walmart.Walmart_Search" time="4.807">
    <system-out><![CDATA[Number Of Items is:10
]]></system-out>
    <system-err><![CDATA[SLF4J: Failed to load class "org.slf4j.impl.StaticLoggerBinder".
SLF4J: Defaulting to no-operation (NOP) logger implementation
SLF4J: See http://www.slf4j.org/codes.html#StaticLoggerBinder for further details.
Nov 08, 2020 11:44:46 PM org.aspectj.weaver.tools.Jdk14Trace error
SEVERE: org/codehaus/groovy/runtime/callsite/AbstractCallSite
java.lang.RuntimeException: bad non-abstract method with no code: void org.codehaus.groovy.runtime.callsite.AbstractCallSite.<init>(org.codehaus.groovy.runtime.callsite.CallSiteArray, int, java.lang.String) on public class org.codehaus.groovy.runtime.callsite.AbstractCallSite
	at org.aspectj.weaver.bcel.LazyMethodGen.<init>(LazyMethodGen.java:223)
	at org.aspectj.weaver.bcel.LazyClassGen.<init>(LazyClassGen.java:362)
	at org.aspectj.weaver.bcel.BcelObjectType.getLazyClassGen(BcelObjectType.java:563)
	at org.aspectj.weaver.bcel.BcelWeaver.weave(BcelWeaver.java:1705)
	at org.aspectj.weaver.bcel.BcelWeaver.weaveWithoutDump(BcelWeaver.java:1656)
	at org.aspectj.weaver.bcel.BcelWeaver.weaveAndNotify(BcelWeaver.java:1421)
	at org.aspectj.weaver.bcel.BcelWeaver.weave(BcelWeaver.java:1195)
	at org.aspectj.weaver.tools.WeavingAdaptor.getWovenBytes(WeavingAdaptor.java:551)
	at org.aspectj.weaver.tools.WeavingAdaptor.weaveClass(WeavingAdaptor.java:387)
	at org.aspectj.weaver.loadtime.Aj.preProcess(Aj.java:116)
	at org.aspectj.weaver.loadtime.ClassPreProcessorAgentAdapter.transform(ClassPreProcessorAgentAdapter.java:51)
	at sun.instrument.TransformerManager.transform(TransformerManager.java:188)
	at sun.instrument.InstrumentationImpl.transform(InstrumentationImpl.java:428)
	at java.lang.ClassLoader.defineClass1(Native Method)
	at java.lang.ClassLoader.defineClass(ClassLoader.java:756)
	at java.lang.ClassLoader.defineClass(ClassLoader.java:635)
	at org.codehaus.groovy.reflection.SunClassLoader.define(SunClassLoader.java:94)
	at org.codehaus.groovy.runtime.callsite.GroovySunClassLoader.loadAbstract(GroovySunClassLoader.java:72)
	at org.codehaus.groovy.runtime.callsite.GroovySunClassLoader.<init>(GroovySunClassLoader.java:54)
	at org.codehaus.groovy.runtime.callsite.GroovySunClassLoader.<init>(GroovySunClassLoader.java:49)
	at org.codehaus.groovy.runtime.callsite.GroovySunClassLoader.lambda$static$0(GroovySunClassLoader.java:40)
	at java.security.AccessController.doPrivileged(Native Method)
	at org.codehaus.groovy.runtime.callsite.GroovySunClassLoader.<clinit>(GroovySunClassLoader.java:37)
	at org.codehaus.groovy.runtime.callsite.CallSiteGenerator.isCompilable(CallSiteGenerator.java:256)
	at org.codehaus.groovy.reflection.CachedMethod.createStaticMetaMethodSite(CachedMethod.java:312)
	at org.codehaus.groovy.runtime.callsite.StaticMetaMethodSite.createStaticMetaMethodSite(StaticMetaMethodSite.java:112)
	at groovy.lang.MetaClassImpl.createStaticSite(MetaClassImpl.java:3500)
	at org.codehaus.groovy.runtime.callsite.CallSiteArray.createCallStaticSite(CallSiteArray.java:74)
	at org.codehaus.groovy.runtime.callsite.CallSiteArray.createCallSite(CallSiteArray.java:156)
	at org.codehaus.groovy.runtime.callsite.CallSiteArray.defaultCall(CallSiteArray.java:47)
	at org.codehaus.groovy.runtime.callsite.AbstractCallSite.call(AbstractCallSite.java:125)
	at org.codehaus.groovy.runtime.callsite.AbstractCallSite.call(AbstractCallSite.java:130)
	at io.restassured.internal.common.assertion.AssertParameter.notNull(AssertParameter.groovy:21)
	at io.restassured.config.SSLConfig.<init>(SSLConfig.java:192)
	at io.restassured.config.SSLConfig.<init>(SSLConfig.java:184)
	at io.restassured.config.RestAssuredConfig.<init>(RestAssuredConfig.java:41)
	at io.restassured.RestAssured.<clinit>(RestAssured.java:421)
	at utils.TestBase.init(TestBase.java:17)
	at sun.reflect.NativeMethodAccessorImpl.invoke0(Native Method)
	at sun.reflect.NativeMethodAccessorImpl.invoke(NativeMethodAccessorImpl.java:62)
	at sun.reflect.DelegatingMethodAccessorImpl.invoke(DelegatingMethodAccessorImpl.java:43)
	at java.lang.reflect.Method.invoke(Method.java:498)
	at org.testng.internal.MethodInvocationHelper.invokeMethod(MethodInvocationHelper.java:133)
	at org.testng.internal.MethodInvocationHelper.invokeMethodConsideringTimeout(MethodInvocationHelper.java:62)
	at org.testng.internal.ConfigInvoker.invokeConfigurationMethod(ConfigInvoker.java:340)
	at org.testng.internal.ConfigInvoker.invokeConfigurations(ConfigInvoker.java:294)
	at org.testng.TestRunner.invokeTestConfigurations(TestRunner.java:623)
	at org.testng.TestRunner.beforeRun(TestRunner.java:613)
	at org.testng.TestRunner.run(TestRunner.java:584)
	at org.testng.SuiteRunner.runTest(SuiteRunner.java:402)
	at org.testng.SuiteRunner.runSequentially(SuiteRunner.java:396)
	at org.testng.SuiteRunner.privateRun(SuiteRunner.java:355)
	at org.testng.SuiteRunner.run(SuiteRunner.java:304)
	at org.testng.SuiteRunnerWorker.runSuite(SuiteRunnerWorker.java:53)
	at org.testng.SuiteRunnerWorker.run(SuiteRunnerWorker.java:96)
	at org.testng.TestNG.runSuitesSequentially(TestNG.java:1180)
	at org.testng.TestNG.runSuitesLocally(TestNG.java:1102)
	at org.testng.TestNG.runSuites(TestNG.java:1032)
	at org.testng.TestNG.run(TestNG.java:1000)
	at org.apache.maven.surefire.testng.TestNGExecutor.run(TestNGExecutor.java:284)
	at org.apache.maven.surefire.testng.TestNGXmlTestSuite.execute(TestNGXmlTestSuite.java:75)
	at org.apache.maven.surefire.testng.TestNGProvider.invoke(TestNGProvider.java:119)
	at org.apache.maven.surefire.booter.ForkedBooter.runSuitesInProcess(ForkedBooter.java:428)
	at org.apache.maven.surefire.booter.ForkedBooter.execute(ForkedBooter.java:162)
	at org.apache.maven.surefire.booter.ForkedBooter.run(ForkedBooter.java:562)
	at org.apache.maven.surefire.booter.ForkedBooter.main(ForkedBooter.java:548)

Nov 08, 2020 11:44:46 PM org.aspectj.weaver.tools.Jdk14Trace info
INFO: Dumping to D:\Workspace\WalmartRestProject\.\ajcore.20201108.234446.757.txt
]]></system-err>
  </testcase>
  <testcase name="getProduct2" classname="walmart.Walmart_Search" time="1.222">
    <system-out><![CDATA[Search query is:phone
]]></system-out>
  </testcase>
  <testcase name="getProduct3" classname="walmart.Walmart_Search" time="1.118">
    <system-out><![CDATA[Product name is:Straight Talk LG Journey Smartphone
]]></system-out>
  </testcase>
  <testcase name="getProduct4" classname="walmart.Walmart_Search" time="1.039">
    <system-out><![CDATA[gift Options are:{}
]]></system-out>
  </testcase>
  <testcase name="getProduct5" classname="walmart.Walmart_Search" time="1.062">
    <system-out><![CDATA[Size of items array is:10
]]></system-out>
  </testcase>
  <testcase name="getProduct6" classname="walmart.Walmart_Search" time="1.207">
    <system-out><![CDATA[Straight Talk LG Journey Smartphone
Boost Mobile LG Stylo 6
Tracfone LG Rebel 4, 16GB Black - Prepaid Smartphone
Straight Talk Motorola Moto e6, 16GB Black – Prepaid Smartphone
Straight Talk Apple iPhone 7 w/32GB Prepaid Phone, Black
Walmart Family Mobile LG Journey
Straight Talk SAMSUNG Galaxy A10E, 32GB Black - Prepaid Smartphone
Tracfone SAMSUNG Galaxy A10E, 32GB Black, Prepaid Smartphone
Boost Mobile Samsung A10E
AT&T PREPAID LG PHOENIX® 5 16GB Prepaid Smartphone, Silver
]]></system-out>
  </testcase>
  <testcase name="getProduct7" classname="walmart.Walmart_Search" time="1.433">
    <system-out><![CDATA[{itemId=876424312, parentItemId=876424312, name=Straight Talk LG Journey Smartphone, msrp=79.0, salePrice=39.88, upc=616960333388, categoryPath=Home Page/Cell Phones/Phones With Plans/Prepaid Phones/All Prepaid Phones, shortDescription=Get the new LG Journey on Straight Talk! With Straight Talk, you get access to the largest most dependable 4G LTE networks with no contract . Carve your own path with the LG Journey? LTE. This smartphone is stocked with all the essentials including feature-packed cameras, a vibrant display, and handy AI tools. Wherever you go, whatever you do, this pocket-sized device will keep up every step of the way., longDescription=Key Features:  5.45" HD+ FullVision Display  5 MP Front Camera and 8 MP Rear Camera  Dynamic Photos with HDR  Long-Lasting Battery - 3,000 mAh , brandName=LG, thumbnailImage=https://i5.walmartimages.com/asr/88bbdc75-46fc-41ed-b951-97bccbfa5f90_1.e625373cf9f15f3d39a206009e5a2c30.jpeg?odnHeight=100&odnWidth=100&odnBg=ffffff, mediumImage=https://i5.walmartimages.com/asr/88bbdc75-46fc-41ed-b951-97bccbfa5f90_1.e625373cf9f15f3d39a206009e5a2c30.jpeg?odnHeight=180&odnWidth=180&odnBg=ffffff, largeImage=https://i5.walmartimages.com/asr/88bbdc75-46fc-41ed-b951-97bccbfa5f90_1.e625373cf9f15f3d39a206009e5a2c30.jpeg?odnHeight=450&odnWidth=450&odnBg=ffffff, productTrackingUrl=https://goto.walmart.com/c/|PUBID|/568844/9383?veh=aff&sourceid=imp_000011112222333344&prodsku=876424312&u=https%3A%2F%2Fwww.walmart.com%2Fip%2F876424312, ninetySevenCentShipping=false, standardShipRate=0.0, twoThreeDayShippingRate=0.0, color=Black, marketplace=false, shipToStore=false, freeShipToStore=false, modelNumber=STLGL322DCPWP, productUrl=http://c.affil.walmart.com/t/api02?l=https%3A%2F%2Fwww.walmart.com%2Fip%2FStraight-Talk-LG-Journey-Smartphone%2F876424312%3Faffp1%3D%7Capk%7C%26affilsrc%3Dapi%26veh%3Daff%26wmlspartner%3Dreadonlyapi, customerRating=4.2, numReviews=95, customerRatingImage=http://i2.walmartimages.com/i/CustRating/4_2.gif, bestMarketplacePrice={price=42.0, sellerInfo=Walmart.com, standardShipRate=0.0, twoThreeDayShippingRate=0.0, availableOnline=false, clearance=false}, categoryNode=1105910_4527935_1072335, rhid=43820, bundle=false, clearance=false, preOrder=false, stock=Available, attributes={caResidentsPropWarningRequired=N, chokingHazardWarning=0, color=Black}, addToCartUrl=http://c.affil.walmart.com/t/api02?l=http%3A%2F%2Faffil.walmart.com%2Fcart%2FaddToCart%3Fitems%3D876424312%7C1%26affp1%3D%7Capk%7C%26affilsrc%3Dapi%26veh%3Daff%26wmlspartner%3Dreadonlyapi, affiliateAddToCartUrl=https://goto.walmart.com/c/|PUBID|/568844/9383?veh=aff&sourceid=imp_000011112222333344&prodsku=876424312&u=http%3A%2F%2Faffil.walmart.com%2Fcart%2FaddToCart%3Fitems%3D876424312, freeShippingOver35Dollars=true, giftOptions={}, imageEntities=[{thumbnailImage=https://i5.walmartimages.com/asr/88bbdc75-46fc-41ed-b951-97bccbfa5f90_1.e625373cf9f15f3d39a206009e5a2c30.jpeg?odnHeight=100&odnWidth=100&odnBg=ffffff, mediumImage=https://i5.walmartimages.com/asr/88bbdc75-46fc-41ed-b951-97bccbfa5f90_1.e625373cf9f15f3d39a206009e5a2c30.jpeg?odnHeight=180&odnWidth=180&odnBg=ffffff, largeImage=https://i5.walmartimages.com/asr/88bbdc75-46fc-41ed-b951-97bccbfa5f90_1.e625373cf9f15f3d39a206009e5a2c30.jpeg?odnHeight=450&odnWidth=450&odnBg=ffffff, entityType=PRIMARY}, {thumbnailImage=https://i5.walmartimages.com/asr/f90f2587-ba75-4db0-9759-260653382150_1.7768a497a2e9e79c3f3d8b2497304639.jpeg?odnHeight=100&odnWidth=100&odnBg=ffffff, mediumImage=https://i5.walmartimages.com/asr/f90f2587-ba75-4db0-9759-260653382150_1.7768a497a2e9e79c3f3d8b2497304639.jpeg?odnHeight=180&odnWidth=180&odnBg=ffffff, largeImage=https://i5.walmartimages.com/asr/f90f2587-ba75-4db0-9759-260653382150_1.7768a497a2e9e79c3f3d8b2497304639.jpeg?odnHeight=450&odnWidth=450&odnBg=ffffff, entityType=SECONDARY}, {thumbnailImage=https://i5.walmartimages.com/asr/0000ba4d-1bc6-4083-ab95-f2cde3fe153f_1.b661e9001bbea73de9bea281c75700b1.jpeg?odnHeight=100&odnWidth=100&odnBg=ffffff, mediumImage=https://i5.walmartimages.com/asr/0000ba4d-1bc6-4083-ab95-f2cde3fe153f_1.b661e9001bbea73de9bea281c75700b1.jpeg?odnHeight=180&odnWidth=180&odnBg=ffffff, largeImage=https://i5.walmartimages.com/asr/0000ba4d-1bc6-4083-ab95-f2cde3fe153f_1.b661e9001bbea73de9bea281c75700b1.jpeg?odnHeight=450&odnWidth=450&odnBg=ffffff, entityType=SECONDARY}, {thumbnailImage=https://i5.walmartimages.com/asr/93bdc4a8-5c46-400b-b6c5-696312dac212_2.25c872ef8e516750aa8895737caf4e7d.png?odnHeight=100&odnWidth=100&odnBg=ffffff, mediumImage=https://i5.walmartimages.com/asr/93bdc4a8-5c46-400b-b6c5-696312dac212_2.25c872ef8e516750aa8895737caf4e7d.png?odnHeight=180&odnWidth=180&odnBg=ffffff, largeImage=https://i5.walmartimages.com/asr/93bdc4a8-5c46-400b-b6c5-696312dac212_2.25c872ef8e516750aa8895737caf4e7d.png?odnHeight=450&odnWidth=450&odnBg=ffffff, entityType=SECONDARY}, {thumbnailImage=https://i5.walmartimages.com/asr/ff89a59f-5746-429a-bb2b-88318ef5b6bb_1.c5d3d52316ba0fd0363a7728c4380db7.jpeg?odnHeight=100&odnWidth=100&odnBg=ffffff, mediumImage=https://i5.walmartimages.com/asr/ff89a59f-5746-429a-bb2b-88318ef5b6bb_1.c5d3d52316ba0fd0363a7728c4380db7.jpeg?odnHeight=180&odnWidth=180&odnBg=ffffff, largeImage=https://i5.walmartimages.com/asr/ff89a59f-5746-429a-bb2b-88318ef5b6bb_1.c5d3d52316ba0fd0363a7728c4380db7.jpeg?odnHeight=450&odnWidth=450&odnBg=ffffff, entityType=SECONDARY}, {thumbnailImage=https://i5.walmartimages.com/asr/b8af5908-0518-42bf-a258-cf38ac409d79_1.93cf59f65a1b40c4d9a8173b9db4cf79.jpeg?odnHeight=100&odnWidth=100&odnBg=ffffff, mediumImage=https://i5.walmartimages.com/asr/b8af5908-0518-42bf-a258-cf38ac409d79_1.93cf59f65a1b40c4d9a8173b9db4cf79.jpeg?odnHeight=180&odnWidth=180&odnBg=ffffff, largeImage=https://i5.walmartimages.com/asr/b8af5908-0518-42bf-a258-cf38ac409d79_1.93cf59f65a1b40c4d9a8173b9db4cf79.jpeg?odnHeight=450&odnWidth=450&odnBg=ffffff, entityType=SECONDARY}, {thumbnailImage=https://i5.walmartimages.com/asr/1c4d2c2d-493e-45f8-97be-8648ef3dd64a_1.01c6d5af8adcb9abb33ee53718ec9186.jpeg?odnHeight=100&odnWidth=100&odnBg=ffffff, mediumImage=https://i5.walmartimages.com/asr/1c4d2c2d-493e-45f8-97be-8648ef3dd64a_1.01c6d5af8adcb9abb33ee53718ec9186.jpeg?odnHeight=180&odnWidth=180&odnBg=ffffff, largeImage=https://i5.walmartimages.com/asr/1c4d2c2d-493e-45f8-97be-8648ef3dd64a_1.01c6d5af8adcb9abb33ee53718ec9186.jpeg?odnHeight=450&odnWidth=450&odnBg=ffffff, entityType=SECONDARY}, {thumbnailImage=https://i5.walmartimages.com/asr/1b77f792-533f-402b-9847-81b0436d2192_1.0ba0fd15b09a3db9fd6725c84731e263.jpeg?odnHeight=100&odnWidth=100&odnBg=ffffff, mediumImage=https://i5.walmartimages.com/asr/1b77f792-533f-402b-9847-81b0436d2192_1.0ba0fd15b09a3db9fd6725c84731e263.jpeg?odnHeight=180&odnWidth=180&odnBg=ffffff, largeImage=https://i5.walmartimages.com/asr/1b77f792-533f-402b-9847-81b0436d2192_1.0ba0fd15b09a3db9fd6725c84731e263.jpeg?odnHeight=450&odnWidth=450&odnBg=ffffff, entityType=SECONDARY}, {thumbnailImage=https://i5.walmartimages.com/asr/17dabc51-6532-4ea5-a08f-48926741be7f_1.425c791e4a8bb8e7e4e5e66fd93de2c9.jpeg?odnHeight=100&odnWidth=100&odnBg=ffffff, mediumImage=https://i5.walmartimages.com/asr/17dabc51-6532-4ea5-a08f-48926741be7f_1.425c791e4a8bb8e7e4e5e66fd93de2c9.jpeg?odnHeight=180&odnWidth=180&odnBg=ffffff, largeImage=https://i5.walmartimages.com/asr/17dabc51-6532-4ea5-a08f-48926741be7f_1.425c791e4a8bb8e7e4e5e66fd93de2c9.jpeg?odnHeight=450&odnWidth=450&odnBg=ffffff, entityType=SECONDARY}, {thumbnailImage=https://i5.walmartimages.com/asr/88bbdc75-46fc-41ed-b951-97bccbfa5f90_1.e625373cf9f15f3d39a206009e5a2c30.jpeg?odnHeight=100&odnWidth=100&odnBg=ffffff, mediumImage=https://i5.walmartimages.com/asr/88bbdc75-46fc-41ed-b951-97bccbfa5f90_1.e625373cf9f15f3d39a206009e5a2c30.jpeg?odnHeight=180&odnWidth=180&odnBg=ffffff, largeImage=https://i5.walmartimages.com/asr/88bbdc75-46fc-41ed-b951-97bccbfa5f90_1.e625373cf9f15f3d39a206009e5a2c30.jpeg?odnHeight=450&odnWidth=450&odnBg=ffffff, entityType=PRIMARY}], offerType=ONLINE_AND_STORE, isTwoDayShippingEligible=true, availableOnline=true}
]]></system-out>
  </testcase>
  <testcase name="getProduct8" classname="walmart.Walmart_Search" time="0.818">
    <system-out><![CDATA[39.88
]]></system-out>
  </testcase>
  <testcase name="getProduct9" classname="walmart.Walmart_Search" time="1.03">
    <system-out><![CDATA[Straight Talk LG Journey Smartphone
Tracfone LG Rebel 4, 16GB Black - Prepaid Smartphone
Straight Talk Motorola Moto e6, 16GB Black – Prepaid Smartphone
Walmart Family Mobile LG Journey
Straight Talk SAMSUNG Galaxy A10E, 32GB Black - Prepaid Smartphone
Tracfone SAMSUNG Galaxy A10E, 32GB Black, Prepaid Smartphone
Boost Mobile Samsung A10E
AT&T PREPAID LG PHOENIX® 5 16GB Prepaid Smartphone, Silver
]]></system-out>
  </testcase>
  <testcase name="getProduct10" classname="walmart.Walmart_Search" time="1.102">
    <system-out><![CDATA[Straight Talk phones msrps are:[79.0, 69.0, 649.0, 139.0]
]]></system-out>
  </testcase>
  <testcase name="getProduct11" classname="walmart.Walmart_Search" time="1.078">
    <system-out><![CDATA[Apple iPhone msrps are:[649.0]
]]></system-out>
  </testcase>
  <testcase name="getProduct1" classname="walmart.Walmart_Search_XML" time="0.997">
    <system-out><![CDATA[PASSED: getProduct1
        Test Case1: Extract number of items from response body
PASSED: getProduct2
        Test Case2: Extract search query from response body
PASSED: getProduct3
        Test Case3: Extract name of the first product from response body
PASSED: getProduct4
        Test Case4: Extract gift options for the first product from response body
PASSED: getProduct5
        Test Case5: Extract size of items array from response body
PASSED: getProduct6
        Test Case6: Extract name of all items from response body
PASSED: getProduct7
        Test Case7: Extract details for Straight Talk LG Journey Smartphone from response body
PASSED: getProduct8
        Test Case8: Extract all sale price values for Straight Talk LG Journey Smartphone
PASSED: getProduct9
        Test Case9: Extract names of all products with sale price less that 100$
PASSED: getProduct10
        Test Case10: Extract msrp for all Straight Talk phone
PASSED: getProduct11
        Test Case11: Extract msrp for Apple iPhones

===============================================
    D:/Workspace/WalmartRestProject
    Tests run: 11, Failures: 0, Skips: 0
===============================================

Number Of Items is:null
]]></system-out>
  </testcase>
  <testcase name="getProduct2" classname="walmart.Walmart_Search_XML" time="1.071">
    <system-out><![CDATA[Search query is:null
]]></system-out>
  </testcase>
  <testcase name="getProduct3" classname="walmart.Walmart_Search_XML" time="1.116">
    <system-out><![CDATA[Product name is:null
]]></system-out>
  </testcase>
  <testcase name="getProduct4" classname="walmart.Walmart_Search_XML" time="1.048">
    <failure message="Failed to parse the XML document" type="io.restassured.path.xml.exception.XmlPathException"><![CDATA[io.restassured.path.xml.exception.XmlPathException: Failed to parse the XML document
	at walmart.Walmart_Search_XML.getProduct4(Walmart_Search_XML.java:73)
Caused by: org.xml.sax.SAXParseException: Content is not allowed in prolog.
	at walmart.Walmart_Search_XML.getProduct4(Walmart_Search_XML.java:73)
]]></failure>
    <system-err><![CDATA[[Fatal Error] :1:1: Content is not allowed in prolog.
]]></system-err>
  </testcase>
  <testcase name="getProduct5" classname="walmart.Walmart_Search_XML" time="1.099">
    <failure type="java.lang.NullPointerException"><![CDATA[java.lang.NullPointerException
	at walmart.Walmart_Search_XML.getProduct5(Walmart_Search_XML.java:86)
]]></failure>
  </testcase>
  <testcase name="getProduct6" classname="walmart.Walmart_Search_XML" time="0.964">
    <failure message="Failed to parse the XML document" type="io.restassured.path.xml.exception.XmlPathException"><![CDATA[io.restassured.path.xml.exception.XmlPathException: Failed to parse the XML document
	at walmart.Walmart_Search_XML.getProduct6(Walmart_Search_XML.java:98)
Caused by: org.xml.sax.SAXParseException: Content is not allowed in prolog.
	at walmart.Walmart_Search_XML.getProduct6(Walmart_Search_XML.java:98)
]]></failure>
    <system-err><![CDATA[[Fatal Error] :1:1: Content is not allowed in prolog.
]]></system-err>
  </testcase>
  <testcase name="getProduct7" classname="walmart.Walmart_Search_XML" time="1.121">
    <failure message="Failed to parse the XML document" type="io.restassured.path.xml.exception.XmlPathException"><![CDATA[io.restassured.path.xml.exception.XmlPathException: Failed to parse the XML document
	at walmart.Walmart_Search_XML.getProduct7(Walmart_Search_XML.java:113)
Caused by: org.xml.sax.SAXParseException: Content is not allowed in prolog.
	at walmart.Walmart_Search_XML.getProduct7(Walmart_Search_XML.java:113)
]]></failure>
    <system-err><![CDATA[[Fatal Error] :1:1: Content is not allowed in prolog.
]]></system-err>
  </testcase>
  <testcase name="getProduct8" classname="walmart.Walmart_Search_XML" time="0.925">
    <failure message="Failed to parse the XML document" type="io.restassured.path.xml.exception.XmlPathException"><![CDATA[io.restassured.path.xml.exception.XmlPathException: Failed to parse the XML document
	at walmart.Walmart_Search_XML.getProduct8(Walmart_Search_XML.java:127)
Caused by: org.xml.sax.SAXParseException: Content is not allowed in prolog.
	at walmart.Walmart_Search_XML.getProduct8(Walmart_Search_XML.java:127)
]]></failure>
    <system-err><![CDATA[[Fatal Error] :1:1: Content is not allowed in prolog.
]]></system-err>
  </testcase>
</testsuite>