<?xml version="1.0" encoding="UTF-8"?>
<!-- Generated by org.testng.reporters.JUnitXMLReporter -->
<testsuite hostname="DESKTOP-E8NP0Q4" ignored="0" name="Surefire test" tests="3" failures="0" timestamp="2019-12-21T23:37:35 IST" time="66.846" errors="0">
  <testcase name="mouseHover" time="18.291" classname="Automation.seleniumConcepts"/>
  <testcase name="openGoogle" time="19.241" classname="Automation.seleniumConcepts"/>
  <testcase name="takeScreenShot" time="29.189" classname="Automation.seleniumConcepts"/>
</testsuite> <!-- Surefire test -->
